* R8C/Tiny,M16C/60 SERIES ASSEMBLER *   SOURCE LIST       Mon Sep 10 17:19:38 2018  PAGE 001

  SEQ.  LOC.   OBJ.              0XMSDA ....*....SOURCE STATEMENT....7....*....8....*....9....*....0....*....1....*....2....*....3....*....4....*....5....*....6....*....7....*....8....*....9....*....0

     1                                  ;*************************************************************************** ;
     2                                  ; C COMPILER for M16C/60
     3                                  ; Copyright 1995,1996,1997 MITSUBISHI ELECTRIC CORPORATION
     4                                  ; AND MITSUBISHI ELECTRIC SEMICONDUCTOR SYSTEMS CORPORATION
     5                                  ; All Rights Reserved.
     6                                  ;
     7                                  ;       ncrt0.a30 : NC30 startup program
     8                                  ;
     9                                  ; This program is applicable when using the basic I/O library
    10                                  ;       
    11                                  ;       $Id: ncrt0.a30,v 1.8 97/03/28 10:47:10 aoyama Exp $
    12                                  ;
    13                                  ;***************************************************************************
    14                                  
    15                                  ;---------------------------------------------------------------------
    16                                  ; HEEP SIZE definition
    17                                  ;---------------------------------------------------------------------
    18  00000300h                       HEAPSIZE .equ 300h
    19                                  
    20                                  ;---------------------------------------------------------------------
    21                                  ; STACK SIZE definition
    22                                  ;---------------------------------------------------------------------
    23  00000300h                       STACKSIZE .equ 300h
    24                                  
    25                                  ;---------------------------------------------------------------------
    26                                  ; INTERRUPT STACK SIZE definition
    27                                  ;---------------------------------------------------------------------
    28  00000300h                       ISTACKSIZE .equ 300h
    29                                  
    30                                  ;---------------------------------------------------------------------
    31                                  ; INTERRUPT VECTOR ADDRESS  definition
    32                                  ;---------------------------------------------------------------------
    33  000F9200h                       VECTOR_ADR  .equ 0f9200h
    34                                  
    35                                  ;---------------------------------------------------------------
    36                                  ; special page defination
    37                                  ;---------------------------------------------------------------
    38                                  ;       macro define for special page
    39                                  ;
    40                                  ;Format:
    41                                  ; SPECIAL number
    42                                  ;
    43                                  
    44                             D    SPECIAL .macro NUM
    45                             D     .org 0FFFFEH-(NUM*2)
    46                             D     .glb __SPECIAL_@NUM
    47                             D     .word __SPECIAL_@NUM  & 0FFFFH
    48                                  .endm
    49                                  ;---------------------------------------------------------------------
    50                                  ; Section allocation
    51                                  ;---------------------------------------------------------------------
    52                                   .list OFF
    53                                   .list ON
    54                                  
    55                                  ;---------------------------------------------------------------------
    56                                  ; SBDATA area definition
    57                                  ;---------------------------------------------------------------------
    58                                   .glb __SB__
    59  00000400h                       __SB__ .equ data_SE_top
    60                                  
    61                                  ;====================================================================
    62                                  ; Initialize Macro declaration
* R8C/Tiny,M16C/60 SERIES ASSEMBLER *   SOURCE LIST       Mon Sep 10 17:19:38 2018  PAGE 002

  SEQ.  LOC.   OBJ.              0XMSDA ....*....SOURCE STATEMENT....7....*....8....*....9....*....0....*....1....*....2....*....3....*....4....*....5....*....6....*....7....*....8....*....9....*....0

    63                                  ;---------------------------------------------------------------------
    64                             D    N_BZERO .macro TOP_ ,SECT_
    65                             D     mov.b #00H, R0L
    66                             D     mov.w #(TOP_ & 0FFFFH), A1
    67                             D     mov.w #sizeof SECT_ , R3
    68                             D     sstr.b 
    69                                   .endm
    70                                  
    71                             D    N_BCOPY .macro FROM_,TO_,SECT_
    72                             D     mov.w #(FROM_ & 0FFFFH),A0
    73                             D     mov.b #(FROM_ >>16),R1H
    74                             D     mov.w #TO_ ,A1
    75                             D     mov.w #sizeof SECT_ , R3
    76                             D     smovf.b
    77                                   .endm
    78                                  
    79                             D    BZERO .macro TOP_,SECT_
    80                             D     push.w #sizeof SECT_ >> 16
    81                             D     push.w #sizeof SECT_  & 0ffffh
    82                             D     pusha TOP_ >>16
    83                             D     pusha TOP_ & 0ffffh
    84                             D    
    85                             D     .glb _bzero 
    86                             D     jsr.a _bzero
    87                                   .endm
    88                                  
    89                                  
    90                             D    BCOPY .macro FROM_ ,TO_ ,SECT_
    91                             D     push.w #sizeof SECT_  >> 16
    92                             D     push.w #sizeof SECT_  & 0ffffh
    93                             D     pusha TO_ >>16
    94                             D     pusha TO_  & 0ffffh
    95                             D     pusha FROM_ >>16
    96                             D     pusha FROM_  & 0ffffh
    97                             D    
    98                             D     .glb _bcopy
    99                             D     jsr.a _bcopy
   100                                   .endm
   101                                  
   102                                  ;====================================================================
   103                                  ; Interrupt section start
   104                                  ;---------------------------------------------------------------------
   105                                   .glb start
   106                                   .section interrupt
   107  00000                           start:
   108                                  ;---------------------------------------------------------------------
   109                                  ; after reset,this program will start
   110                                  ;---------------------------------------------------------------------
   111  00000  EB400000r                 ldc #istack_top, isp ;set istack pointer
   112  00004  7E9F5100                  bset 1,0ah
   113  00008  B70400                Z   mov.b #00h,04h  ;set processer mode 
   114  0000B  C7080500              S          mov.b   #08h,05h                ;set reserved area expansion bit
   115  0000F  7E8F5100                  bclr 1,0ah
   116  00013  7E9F5000                         bset    0,0ah
   117  00017  C7200700              S          mov.b   #20h,07h                ;set clock control register
   118  0001B  C7080600              S          mov.b   #08h,06h                ;to no clock division
   119  0001F  7E8F5000                         bclr    0,0ah
   120  00023  EB308000                  ldc #0080h, flg
   121  00027  EB500000r                 ldc #stack_top, sp ;set stack pointer 
   122  0002B  EB600004                  ldc #data_SE_top, sb ;set sb register 
   123                                  
   124  0002F  EB75                      fclr U   ;ADD THIS TO SELECT ISP
* R8C/Tiny,M16C/60 SERIES ASSEMBLER *   SOURCE LIST       Mon Sep 10 17:19:38 2018  PAGE 003

  SEQ.  LOC.   OBJ.              0XMSDA ....*....SOURCE STATEMENT....7....*....8....*....9....*....0....*....1....*....2....*....3....*....4....*....5....*....6....*....7....*....8....*....9....*....0

   125  00031  EB64                      fset I   ;ADD THIS TO ENABLE INTERRUPTS & STOPPING PROGRAM
   126                                  
   127  00033  EB200F00                  ldintb #VECTOR_ADR
               EB100092 
   128                                  
   129                                  ;====================================================================
   130                                  ; NEAR area initialize.
   131                                  ;--------------------------------------------------------------------
   132                                  ; bss zero clear
   133                                  ;--------------------------------------------------------------------
   134                                   N_BZERO bss_SE_top,bss_SE
   135  0003B  B4                  M Z   mov.b #00H, R0L
   136  0003C  AA0000r             M S   mov.w #(bss_SE_top & 0FFFFH), A1
   137  0003F  75C30000r           M     mov.w #sizeof bss_SE , R3
   138  00043  7CEA                M     sstr.b 
   139                             M     .endm
   140                                   N_BZERO bss_SO_top,bss_SO
   141  00045  B4                  M Z   mov.b #00H, R0L
   142  00046  AA0000r             M S   mov.w #(bss_SO_top & 0FFFFH), A1
   143  00049  75C30000r           M     mov.w #sizeof bss_SO , R3
   144  0004D  7CEA                M     sstr.b 
   145                             M     .endm
   146                                   N_BZERO bss_NE_top,bss_NE
   147  0004F  B4                  M Z   mov.b #00H, R0L
   148  00050  AA0000r             M S   mov.w #(bss_NE_top & 0FFFFH), A1
   149  00053  75C30000r           M     mov.w #sizeof bss_NE , R3
   150  00057  7CEA                M     sstr.b 
   151                             M     .endm
   152                                   N_BZERO bss_NO_top,bss_NO
   153  00059  B4                  M Z   mov.b #00H, R0L
   154  0005A  AA0000r             M S   mov.w #(bss_NO_top & 0FFFFH), A1
   155  0005D  75C30000r           M     mov.w #sizeof bss_NO , R3
   156  00061  7CEA                M     sstr.b 
   157                             M     .endm
   158                                  
   159                                  ;---------------------------------------------------------------------
   160                                  ; initialize data section
   161                                  ;---------------------------------------------------------------------
   162                                   N_BCOPY data_SEI_top,data_SE_top,data_SE
   163  00063  A20000r             M S   mov.w #(data_SEI_top & 0FFFFH),A0
   164  00066  74C300r             M     mov.b #(data_SEI_top >>16),R1H
   165  00069  AA0004              M S   mov.w #data_SE_top ,A1
   166  0006C  75C30000r           M     mov.w #sizeof data_SE , R3
   167  00070  7CE8                M     smovf.b
   168                             M     .endm
   169                                   N_BCOPY data_SOI_top,data_SO_top,data_SO
   170  00072  A20000r             M S   mov.w #(data_SOI_top & 0FFFFH),A0
   171  00075  74C300r             M     mov.b #(data_SOI_top >>16),R1H
   172  00078  AA0000r             M S   mov.w #data_SO_top ,A1
   173  0007B  75C30000r           M     mov.w #sizeof data_SO , R3
   174  0007F  7CE8                M     smovf.b
   175                             M     .endm
   176                                   N_BCOPY data_NEI_top,data_NE_top,data_NE
   177  00081  A20000r             M S   mov.w #(data_NEI_top & 0FFFFH),A0
   178  00084  74C300r             M     mov.b #(data_NEI_top >>16),R1H
   179  00087  AA0000r             M S   mov.w #data_NE_top ,A1
   180  0008A  75C30000r           M     mov.w #sizeof data_NE , R3
   181  0008E  7CE8                M     smovf.b
   182                             M     .endm
   183                                   N_BCOPY data_NOI_top,data_NO_top,data_NO
   184  00090  A20000r             M S   mov.w #(data_NOI_top & 0FFFFH),A0
   185  00093  74C300r             M     mov.b #(data_NOI_top >>16),R1H
* R8C/Tiny,M16C/60 SERIES ASSEMBLER *   SOURCE LIST       Mon Sep 10 17:19:38 2018  PAGE 004

  SEQ.  LOC.   OBJ.              0XMSDA ....*....SOURCE STATEMENT....7....*....8....*....9....*....0....*....1....*....2....*....3....*....4....*....5....*....6....*....7....*....8....*....9....*....0

   186  00096  AA0000r             M S   mov.w #data_NO_top ,A1
   187  00099  75C30000r           M     mov.w #sizeof data_NO , R3
   188  0009D  7CE8                M     smovf.b
   189                             M     .endm
   190                                  
   191                                  ;====================================================================
   192                                  ; FAR area initialize.
   193                                  ;---------------------------------------------------------------------
   194                                  ; bss zero clear
   195                                  ;---------------------------------------------------------------------
   196                                   BZERO bss_FE_top,bss_FE
   197  0009F  7DE20000r           M     push.w #sizeof bss_FE >> 16
   198  000A3  7DE20000r           M     push.w #sizeof bss_FE  & 0ffffh
   199  000A7  7D9F0000r           M     pusha bss_FE_top >>16
   200  000AB  7D9F0000r           M     pusha bss_FE_top & 0ffffh
   201                             M    
   202                             M     .glb _bzero 
   203  000AF  FD000000r           M A   jsr.a _bzero
   204                             M     .endm
   205                                   BZERO bss_FO_top,bss_FO
   206  000B3  7DE20000r           M     push.w #sizeof bss_FO >> 16
   207  000B7  7DE20000r           M     push.w #sizeof bss_FO  & 0ffffh
   208  000BB  7D9F0000r           M     pusha bss_FO_top >>16
   209  000BF  7D9F0000r           M     pusha bss_FO_top & 0ffffh
   210                             M    
   211                             M     .glb _bzero 
   212  000C3  FD000000r           M A   jsr.a _bzero
   213                             M     .endm
   214                                  
   215                                  ;---------------------------------------------------------------------
   216                                  ; Copy edata_E(O) section from edata_EI(OI) section
   217                                  ;---------------------------------------------------------------------
   218                                   BCOPY data_FEI_top,data_FE_top,data_FE
   219  000C7  7DE20000r           M     push.w #sizeof data_FE  >> 16
   220  000CB  7DE20000r           M     push.w #sizeof data_FE  & 0ffffh
   221  000CF  7D9F0100            M     pusha data_FE_top >>16
   222  000D3  7D9F0000            M     pusha data_FE_top  & 0ffffh
   223  000D7  7D9F0000r           M     pusha data_FEI_top >>16
   224  000DB  7D9F0000r           M     pusha data_FEI_top  & 0ffffh
   225                             M    
   226                             M     .glb _bcopy
   227  000DF  FD000000r           M A   jsr.a _bcopy
   228                             M     .endm
   229                                   BCOPY data_FOI_top,data_FO_top,data_FO
   230  000E3  7DE20000r           M     push.w #sizeof data_FO  >> 16
   231  000E7  7DE20000r           M     push.w #sizeof data_FO  & 0ffffh
   232  000EB  7D9F0000r           M     pusha data_FO_top >>16
   233  000EF  7D9F0000r           M     pusha data_FO_top  & 0ffffh
   234  000F3  7D9F0000r           M     pusha data_FOI_top >>16
   235  000F7  7D9F0000r           M     pusha data_FOI_top  & 0ffffh
   236                             M    
   237                             M     .glb _bcopy
   238  000FB  FD000000r           M A   jsr.a _bcopy
   239                             M     .endm
   240                                  
   241  000FF  EB500000r                 ldc #stack_top,sp
   242                                  
   243                                  ;====================================================================
   244                                  ; heap area initialize
   245                                  ;---------------------------------------------------------------------
   246                                   .glb __mbase
   247                                   .glb __mnext
* R8C/Tiny,M16C/60 SERIES ASSEMBLER *   SOURCE LIST       Mon Sep 10 17:19:38 2018  PAGE 005

  SEQ.  LOC.   OBJ.              0XMSDA ....*....SOURCE STATEMENT....7....*....8....*....9....*....0....*....1....*....2....*....3....*....4....*....5....*....6....*....7....*....8....*....9....*....0

   248                                   .glb __msize
   249  00103  75CF0000r0000r            mov.w #(heap_top&0FFFFH), __mbase
   250  00109  75CF0000r0000r            mov.w #(heap_top>>16), __mbase+2
   251  0010F  75CF0000r0000r            mov.w #(heap_top&0FFFFH), __mnext
   252  00115  75CF0000r0000r            mov.w #(heap_top>>16), __mnext+2
   253  0011B  75CF0000r0003             mov.w #(HEAPSIZE&0FFFFH), __msize
   254  00121  D90F0000r             Q   mov.w #(HEAPSIZE>>16), __msize+2
   255                                  
   256                                  ;====================================================================
   257                                  ; Initialize standard I/O
   258                                  ;---------------------------------------------------------------------
   259                                  ; .glb _init
   260                                  ; jsr.a _init
   261                                  
   262                                  ;====================================================================
   263                                  ; Call main() function
   264                                  ;---------------------------------------------------------------------
   265  00125  EB700000                  ldc #0h,fb ; for debuger
   266                                  
   267                                   .glb _main
   268  00129  FD000000r             A   jsr.a _main
   269                                  
   270                                  ;====================================================================
   271                                  ; exit() function
   272                                  ;---------------------------------------------------------------------
   273                                   .glb _exit
   274                                   .glb $exit
   275  0012D                           _exit:      ; End program
   276  0012D                           $exit:
   277  0012D  FEFF                  B   jmp _exit
   278                                  
   279                                  ;====================================================================
   280                                  ; dummy interrupt function
   281                                  ;---------------------------------------------------------------------
   282  0012F                           dummy_int:
   283  0012F                           _exit1:      ; End program
   284  0012F                           $exit1:
   285  0012F  FEFF                  B   jmp _exit1
   286  00131  FB                        reit
   287                                   .end

Information List

TOTAL ERROR(S)    00000
TOTAL WARNING(S)  00000
TOTAL LINE(S)     00287   LINES

Section List

Attr        Size          Name
DATA     0000000(00000H)  data_SE
DATA     0000000(00000H)  bss_SE
DATA     0000000(00000H)  data_SO
DATA     0000000(00000H)  bss_SO
DATA     0000000(00000H)  data_NE
DATA     0000000(00000H)  bss_NE
DATA     0000000(00000H)  data_NO
DATA     0000000(00000H)  bss_NO
DATA     0001536(00600H)  stack
DATA     0000768(00300H)  heap
ROMDATA  0000000(00000H)  rom_NE
ROMDATA  0000000(00000H)  rom_NO
DATA     0000000(00000H)  data_FE
DATA     0000000(00000H)  bss_FE
DATA     0000000(00000H)  data_FO
DATA     0000000(00000H)  bss_FO
ROMDATA  0000000(00000H)  rom_FE
ROMDATA  0000000(00000H)  rom_FO
ROMDATA  0000000(00000H)  data_SEI
ROMDATA  0000000(00000H)  data_SOI
ROMDATA  0000000(00000H)  data_NEI
ROMDATA  0000000(00000H)  data_NOI
ROMDATA  0000000(00000H)  data_FEI
ROMDATA  0000000(00000H)  data_FOI
CODE     0000000(00000H)  program
CODE     0000000(00000H)  program_S
CODE     0000000(00000H)  interrupt
CODE     0000192(000C0H)  vector
CODE     0000000(00000H)  fvector
CODE     0000306(00132H)  interrupt
