[CommunicationLog]
R [0CE96853] : 0
S [0CE96853] : (201EE437)
R [0CE96630] : 0
S [0CE96630] : (41006C8F00001)
R [0CE96630] : 0
S [0CE96621] : (41006C8F00001)
R [0CE944BE] : 0
S [0CE944AE] : (41006C9000001)
R [0CE944AE] : 0
S [0CE944AE] : (41006C9000001)
R [0CE944AE] : 0
S [0CE9449E] : (41006D6600001)
R [0CE9449E] : 0
S [0CE9448F] : (41006D6600001)
R [0CE9448F] : 0
S [0CE9448F] : (41006C8F00001)
R [0CE9448F] : 0
S [0CE9447F] : (41006C8F00001)
R [0CE9447F] : 0
S [0CE9447F] : (4100694E10001)
R [0CE9447F] : 0
S [0CE94470] : (4100694E10001)
R [0CE94470] : 0
S [0CE94470] : (4100694C10001)
R [0CE94470] : 0
S [0CE94460] : (4100694C10001)
R [0CE94460] : 0
S [0CE94450] : (4100694A10001)
R [0CE94450] : 0
S [0CE94450] : (4100694A10001)
R [0CE94450] : 0
S [0CE94441] : (4100694810001)
R [0CE94441] : 0
S [0CE94441] : (4100694810001)
R [0CE94431] : 0
S [0CE94431] : (4100077010002)
R [0CE94431] : 0
S [0CE94421] : (4100077010002)
R [0CE94421] : 0
S [0CE94421] : (4100077010002)
R [0CE94412] : 01
S [0CE94412] : (34)
R [0CE94412] : 010EE468
S [0CE94402] : (35)
R [0CE94402] : 00000000A0000000006700004715E00000000000000000000000000007175715D00480EE46804000F6200
S [0CE943F3] : (40)
R [0CE943F3] : 0001
S [0CE943B4] : (380001)
R [0CE943B4] : 0
S [0CE943B4] : (410EE44000020)
R [0CE943B4] : 00000000A0000000006700004715E00000000000000000000000000007175715D00480EE44604000F6200
S [0CE943A4] : (40)
R [0CE943A4] : 0001
S [0CE94366] : (380001)
R [0CE94366] : 0
S [0CE94356] : (410EE44000020)
R [0CE94356] : 00000000A0000000006700004715E00000000000000000000000000007175715D00440EE44204000F6200
S [0CE94347] : (40)
R [0CE94347] : 0001
S [0CE94308] : (380001)
R [0CE94308] : 0
S [0CE94308] : (410EE44000020)
R [0CE94308] : 00000000A0000000006700004715E00000000000000000000000000007175715D00440EE44004000F6200
S [0CE942F9] : (40)
R [0CE942F9] : 0001
S [0CE942BA] : (380001)
R [0CE942BA] : 0
S [0CE942AA] : (410EE42000020)
R [0CE942AA] : 00000000A0000000006700004715E00000000000000000000000000007175715D00480EE43D04000F6200
S [0CE9429B] : (40)
R [0CE9429B] : 0001
S [0CE9425C] : (380001)
R [0CE9425C] : 0
S [0CE9425C] : (410EE42000020)
R [0CE9423D] : 00000000A0000000006700004715E00000000000000000000000000007175715D00480EE43B04000F6200
S [0CE9422D] : (40)
R [0CE9422D] : 0001
S [0CE941FF] : (380001)
R [0CE941FF] : 0
S [0CE941EF] : (410EE42000020)
R [0CE9304B] : 0
S [0CE9303C] : (41006C9000001)
R [0CE9303C] : 0
S [0CE9303C] : (41006C9000001)
R [0CE9303C] : 0
S [0CE9302C] : (41006D6600001)
R [0CE9302C] : 0
S [0CE9302C] : (41006D6600001)
R [0CE9302C] : 0
S [0CE9301C] : (41006C8F00001)
R [0CE9301C] : 0
S [0CE9300D] : (41006C8F00001)
R [0CE9300D] : 0
S [0CE9300D] : (4100694E10001)
R [0CE9300D] : 0
S [0CE92FFD] : (4100694E10001)
R [0CE92FFD] : 0
S [0CE92FFD] : (4100694C10001)
R [0CE92FFD] : 0
S [0CE92FEE] : (4100694C10001)
R [0CE92FEE] : 0
S [0CE92FEE] : (4100694A10001)
R [0CE92FEE] : 0
S [0CE92FDE] : (4100694A10001)
R [0CE92FDE] : 0
S [0CE92FCE] : (4100694810001)
R [0CE92FCE] : 0
S [0CE92FCE] : (4100694810001)
R [0CE92FCE] : 0
S [0CE92FBF] : (4100077010002)
R [0CE92FBF] : 0
S [0CE92FBF] : (4100077010002)
R [0CE92FBF] : 0
S [0CE92FAF] : (4100077010002)
R [0CE92FAF] : 00000000A0000000006700004715E00000000000000000000000000007175715D00480EE43704000F6200
S [0CE92F90] : (40)
R [0CE92F90] : 01
S [0CE92F90] : (34)
R [0CE92F90] : 010EE437
S [0CE92F90] : (35)
R [0CE92F80] : 01
S [0CE92F80] : (34)
R [0CE92F80] : 010EE437
S [0CE92F80] : (35)
R [0CE92BC7] : 00000000A0000000006700004715E00000000000000000000000000007175715D00480EE43704000F6200
S [0CE92BB7] : (40)
R [0CE92BB7] : 01
S [0CE92BA8] : (34)
R [0CE92B89] : 00
S [0CE92B89] : (34)
R [0CE92B89] : 00
S [0CE92B89] : (34)
R [0CE92B2B] : 00
S [0CE92B2B] : (34)
R [0CE92B2B] : 00
S [0CE92B2B] : (34)
R [0CE92B2B] : 00
S [0CE92B1B] : (34)
R [0CE92B1B] : 00
S [0CE92B1B] : (34)
R [0CE92B1B] : 00
S [0CE92B1B] : (34)
R [0CE92B1B] : 00
S [0CE92B1B] : (34)
R [0CE92B1B] : 00
S [0CE92B0C] : (34)
R [0CE92B0C] : 00
S [0CE92B0C] : (34)
R [0CE92B0C] : 00
S [0CE92B0C] : (34)
R [0CE92B0C] : 00
S [0CE92AFC] : (34)
R [0CE92AFC] : 00
S [0CE92AFC] : (34)
R [0CE92AFC] : 00
S [0CE92AFC] : (34)
R [0CE92AFC] : 00
S [0CE92AEC] : (34)
R [0CE92AEC] : 00
S [0CE92AEC] : (34)
R [0CE92AEC] : 00
S [0CE92AEC] : (34)
R [0CE92AEC] : 00
S [0CE92AEC] : (34)
R [0CE927B0] : 00
S [0CE927B0] : (34)
R [0CE92791] : 00
S [0CE92791] : (34)
R [0CE92791] : 00
S [0CE92791] : (34)
R [0CE926E5] : 00
S [0CE926D5] : (34)
R [0CE926D5] : 00
S [0CE926D5] : (34)
R [0CE926D5] : 00
S [0CE926D5] : (34)
R [0CE926D5] : 00
S [0CE926C6] : (34)
R [0CE926C6] : 00
S [0CE926C6] : (34)
R [0CE926C6] : 00
S [0CE926C6] : (34)
R [0CE926C6] : 00
S [0CE926B6] : (34)
R [0CE926B6] : 00
S [0CE926B6] : (34)
R [0CE926B6] : 00
S [0CE926B6] : (34)
R [0CE926B6] : 00
S [0CE926B6] : (34)
R [0CE926B6] : 00
S [0CE926A7] : (34)
R [0CE926A7] : 00
S [0CE926A7] : (34)
R [0CE926A7] : 00
S [0CE926A7] : (34)
R [0CE926A7] : 00
S [0CE92697] : (34)
R [0CE92697] : 00
S [0CE92697] : (34)
R [0CE92697] : 00
S [0CE92697] : (34)
R [0CE923B9] : 00
S [0CE923B9] : (34)
R [0CE923A9] : 00
S [0CE92399] : (34)
R [0CE92399] : 00
S [0CE92399] : (34)
R [0CE9229F] : 00
S [0CE9229F] : (34)
R [0CE9229F] : 00
S [0CE9229F] : (34)
R [0CE9229F] : 00
S [0CE9229F] : (34)
R [0CE92290] : 00
S [0CE92290] : (34)
R [0CE92290] : 00
S [0CE92290] : (34)
R [0CE92290] : 00
S [0CE92290] : (34)
R [0CE92280] : 00
S [0CE92280] : (34)
R [0CE92280] : 00
S [0CE92280] : (34)
R [0CE92280] : 00
S [0CE92280] : (34)
R [0CE92280] : 00
S [0CE92270] : (34)
R [0CE92270] : 00
S [0CE92270] : (34)
R [0CE92270] : 00
S [0CE92270] : (34)
R [0CE92270] : 00
S [0CE92261] : (34)
R [0CE92261] : 00
S [0CE92261] : (34)
R [0CE92261] : 00
S [0CE92261] : (34)
R [0CE92261] : 00
S [0CE92261] : (34)
R [0CE91FC1] : 00
S [0CE91FC1] : (34)
R [0CE91FA2] : 00
S [0CE91FA2] : (34)
R [0CE91FA2] : 00
S [0CE91FA2] : (34)
R [0CE91E79] : 00
S [0CE91E79] : (34)
R [0CE91E5A] : 00
S [0CE91E5A] : (34)
R [0CE91E5A] : 00
S [0CE91E5A] : (34)
R [0CE91E5A] : 00
S [0CE91E4A] : (34)
R [0CE91E4A] : 00
S [0CE91E4A] : (34)
R [0CE91E4A] : 00
S [0CE91E4A] : (34)
R [0CE91E4A] : 00
S [0CE91E3A] : (34)
R [0CE91E3A] : 00
S [0CE91E3A] : (34)
R [0CE91E3A] : 00
S [0CE91E3A] : (34)
R [0CE91E3A] : 00
S [0CE91E2B] : (34)
R [0CE91E2B] : 00
S [0CE91E2B] : (34)
R [0CE91E2B] : 00
S [0CE91E2B] : (34)
R [0CE91E2B] : 00
S [0CE91E1B] : (34)
R [0CE91E1B] : 00
S [0CE91E1B] : (34)
R [0CE91E1B] : 00
S [0CE91E1B] : (34)
R [0CE91E0B] : 00
S [0CE91E0B] : (34)
R [0CE91E0B] : 00
S [0CE91E0B] : (34)
R [0CE91BC9] : 00
S [0CE91BC9] : (34)
R [0CE91BAA] : 00
S [0CE91BAA] : (34)
R [0CE91BAA] : 00
S [0CE91BAA] : (34)
R [0CE91A04] : 00
S [0CE91A04] : (34)
R [0CE91A04] : 00
S [0CE919F5] : (34)
R [0CE919F5] : 00
S [0CE919F5] : (34)
R [0CE919F5] : 00
S [0CE919F5] : (34)
R [0CE919F5] : 00
S [0CE919E5] : (34)
R [0CE919E5] : 00
S [0CE919E5] : (34)
R [0CE919E5] : 00
S [0CE919E5] : (34)
